<?xml version="1.0" encoding="UTF-8"?>
<!-- Generated by org.testng.reporters.JUnitXMLReporter -->
<testsuite ignored="1" hostname="Lenovo" failures="0" tests="5" name="Default test" time="0.188" errors="0" timestamp="2022-06-14T19:06:42 IST">
  <testcase classname="testng.carloan3" name="Acarloan31" time="0.017"/>
  <testcase classname="testng.carloan3" name="MobileLoginCar" time="0.012"/>
  <testcase classname="testng.carloan3" name="WebLoginCar" time="0.02"/>
  <testcase classname="testng.carloan3" name="Carloan31" time="0.005"/>
  <testcase classname="testng.carloan3" name="ApiLoginCar" time="0.003"/>
  <testcase classname="testng.carloan3" name="AACarloan31" time="0.0">
    <ignored/>
  </testcase> <!-- AACarloan31 -->
</testsuite> <!-- Default test -->
