<?xml version="1.0" encoding="UTF-8"?>
<!-- Generated by org.testng.reporters.JUnitXMLReporter -->
<testsuite ignored="0" hostname="Lenovo" failures="0" tests="6" name="Surefire test" time="0.241" errors="0" timestamp="2022-08-17T18:51:52 IST">
  <testcase classname="MavenSelenium.MavenProject.AppiumTest" name="AppiumTest1" time="0.017"/>
  <testcase classname="MavenSelenium.MavenProject.AppiumTest" name="AppiumTest2" time="0.003"/>
  <testcase classname="MavenSelenium.MavenProject.RestAPITest" name="RestAPITest1" time="0.001"/>
  <testcase classname="MavenSelenium.MavenProject.RestAPITest" name="RestAPITest2" time="0.001"/>
  <testcase classname="MavenSelenium.MavenProject.SeleniumTest" name="seleniumTest1" time="0.002"/>
  <testcase classname="MavenSelenium.MavenProject.SeleniumTest" name="seleniumTest2" time="0.002"/>
</testsuite> <!-- Surefire test -->
