<?xml version="1.0" encoding="UTF-8"?>
<!-- Generated by org.testng.reporters.JUnitXMLReporter -->
<testsuite ignored="3" hostname="Lenovo" failures="0" tests="9" name="carloan" time="0.91" errors="0" timestamp="2022-06-30T10:59:34 IST">
  <testcase classname="testng.carloan" name="carloan1" time="0.039"/>
  <testcase classname="testng.carloan2" name="barloan2Vr2" time="0.107"/>
  <testcase classname="testng.carloan2" name="carloadn2vr3" time="0.077"/>
  <testcase classname="testng.carloan2" name="carloan2Vr1" time="0.016"/>
  <testcase classname="testng.carloan3" name="Acarloan31" time="0.443"/>
  <testcase classname="testng.carloan3" name="MobileLoginCar" time="0.005"/>
  <testcase classname="testng.carloan3" name="WebLoginCar" time="0.014"/>
  <testcase classname="testng.carloan3" name="Carloan31" time="0.006"/>
  <testcase classname="testng.carloan3" name="ApiLoginCar" time="0.011"/>
  <testcase classname="testng.carloan3" name="AACarloan31" time="0.0">
    <ignored/>
  </testcase> <!-- AACarloan31 -->
  <testcase classname="testng.carloan" name="homeloanoncar1" time="0.0">
    <ignored/>
  </testcase> <!-- homeloanoncar1 -->
  <testcase classname="testng.carloan" name="homeloanoncar2" time="0.0">
    <ignored/>
  </testcase> <!-- homeloanoncar2 -->
</testsuite> <!-- carloan -->
