<?xml version="1.0" encoding="UTF-8"?>
<!-- Generated by org.testng.reporters.JUnitXMLReporter -->
<testsuite ignored="1" hostname="Lenovo" failures="0" tests="3" name="homeloan" time="0.053" errors="0" timestamp="2022-06-30T10:59:35 IST">
  <testcase classname="testng.homeloan" name="homeloan4" time="0.005"/>
  <testcase classname="testng.homeloan" name="homeloan3" time="0.003"/>
  <testcase classname="testng.homeloan" name="homeloan1" time="0.005"/>
  <testcase classname="testng.homeloan" name="homeloan2" time="0.0">
    <ignored/>
  </testcase> <!-- homeloan2 -->
</testsuite> <!-- homeloan -->
